11/22/2024 10:20:36 AM	This log contains information about the import schema operation into project 'DBHotelManagement' on computer 'PANTSUS' by user 'Julius Mendoza'.
11/22/2024 10:20:37 AM	Import of database schema has started.
11/22/2024 10:20:41 AM	Gathering database credentials
11/22/2024 10:20:41 AM	Gathering database options
11/22/2024 10:20:41 AM	Gathering generic database scoped configuration option
11/22/2024 10:20:41 AM	Gathering users
11/22/2024 10:20:41 AM	Gathering roles
11/22/2024 10:20:41 AM	Gathering application roles
11/22/2024 10:20:41 AM	Gathering role memberships
11/22/2024 10:20:41 AM	Gathering filegroups
11/22/2024 10:20:41 AM	Gathering full-text catalogs
11/22/2024 10:20:41 AM	Gathering assemblies
11/22/2024 10:20:41 AM	Gathering certificates
11/22/2024 10:20:41 AM	Gathering asymmetric keys
11/22/2024 10:20:41 AM	Gathering symmetric keys
11/22/2024 10:20:41 AM	Gathering encrypted symmetric keys
11/22/2024 10:20:41 AM	Gathering schemas
11/22/2024 10:20:41 AM	Gathering XML schema collections
11/22/2024 10:20:41 AM	Gathering user-defined data types
11/22/2024 10:20:41 AM	Gathering user-defined types
11/22/2024 10:20:41 AM	Gathering table types
11/22/2024 10:20:41 AM	Gathering unique keys for table types
11/22/2024 10:20:41 AM	Gathering primary keys for table types
11/22/2024 10:20:42 AM	Gathering indexes for table types
11/22/2024 10:20:42 AM	Gathering check constraints for table types
11/22/2024 10:20:42 AM	Gathering default constraints for table types
11/22/2024 10:20:42 AM	Gathering partition functions
11/22/2024 10:20:42 AM	Gathering partition schemes
11/22/2024 10:20:42 AM	Gathering functions
11/22/2024 10:20:42 AM	Gathering encrypted functions
11/22/2024 10:20:42 AM	Gathering aggregates
11/22/2024 10:20:42 AM	Gathering procedures
11/22/2024 10:20:42 AM	Gathering encrypted procedures
11/22/2024 10:20:42 AM	Gathering tables
11/22/2024 10:20:42 AM	Gathering primary keys
11/22/2024 10:20:42 AM	Gathering unique constraints
11/22/2024 10:20:42 AM	Gathering foreign keys
11/22/2024 10:20:42 AM	Gathering default constraints
11/22/2024 10:20:42 AM	Gathering check constraints
11/22/2024 10:20:42 AM	Gathering views
11/22/2024 10:20:42 AM	Gathering encrypted views
11/22/2024 10:20:42 AM	Gathering indexes
11/22/2024 10:20:42 AM	Gathering statistics
11/22/2024 10:20:42 AM	Gathering full-text index stoplists
11/22/2024 10:20:42 AM	Gathering search property lists
11/22/2024 10:20:42 AM	Gathering search properties
11/22/2024 10:20:42 AM	Gathering full-text indexes
11/22/2024 10:20:42 AM	Gathering column store indexes
11/22/2024 10:20:42 AM	Gathering spatial indexes
11/22/2024 10:20:42 AM	Gathering XML indexes
11/22/2024 10:20:42 AM	Gathering Selective XML indexes
11/22/2024 10:20:42 AM	Gathering encrypted triggers
11/22/2024 10:20:42 AM	Gathering triggers
11/22/2024 10:20:42 AM	Gathering encrypted and clr ddl triggers
11/22/2024 10:20:42 AM	Gathering ddl triggers
11/22/2024 10:20:42 AM	Creating edge constraints
11/22/2024 10:20:42 AM	Gathering synonyms
11/22/2024 10:20:42 AM	Gathering defaults
11/22/2024 10:20:42 AM	Gathering data constraint uddt bindings
11/22/2024 10:20:42 AM	Gathering rules
11/22/2024 10:20:42 AM	Gathering data constraint uddt bindings
11/22/2024 10:20:42 AM	Gathering message types
11/22/2024 10:20:42 AM	Gathering queues
11/22/2024 10:20:42 AM	Gathering contracts
11/22/2024 10:20:42 AM	Gathering services
11/22/2024 10:20:42 AM	Gathering event notifications
11/22/2024 10:20:42 AM	Gathering remote service bindings
11/22/2024 10:20:42 AM	Gathering broker priorities
11/22/2024 10:20:42 AM	Gathering signatures
11/22/2024 10:20:42 AM	Gathering compression options
11/22/2024 10:20:42 AM	Gathering sequence types
11/22/2024 10:20:42 AM	Gathering security policies
11/22/2024 10:20:42 AM	Gather column encryption keys
11/22/2024 10:20:42 AM	Gathering column master keys
11/22/2024 10:20:42 AM	Gathering external data sources
11/22/2024 10:20:42 AM	Gathering external file formats
11/22/2024 10:20:42 AM	Gathering external tables
11/22/2024 10:20:42 AM	Gathering XML index compression options
11/22/2024 10:20:42 AM	Gathering extended properties
11/22/2024 10:20:42 AM	Gathering assemblies
11/22/2024 10:20:42 AM	Gathering credentials
11/22/2024 10:20:42 AM	Gathering logins
11/22/2024 10:20:42 AM	Gathering server audits
11/22/2024 10:20:43 AM	Scanning project for duplicate elements
11/22/2024 10:20:44 AM	Finished duplicate element processing
11/22/2024 10:20:45 AM	Finished importing database.
11/22/2024 10:20:45 AM	A summary of the import was saved to the following location: C:\Users\Julius Mendoza\source\repos\ErvinAbiadSTI\BT3102.Group7.App\DBHotelManagement\Import Schema Logs\DBHotelManagement_20241122022036.log
11/22/2024 10:20:45 AM	Click Finish to continue...
